0 info it worked if it ends with ok
1 verbose cli [ '/usr/bin/node', '/usr/bin/npm', 'install', '-g', 'node-sass' ]
2 info using npm@1.4.28
3 info using node@v0.10.38
4 verbose node symlink /usr/bin/node
5 verbose cache add [ 'node-sass', null ]
6 verbose cache add name=undefined spec="node-sass" args=["node-sass",null]
7 verbose parsed url { protocol: null,
7 verbose parsed url   slashes: null,
7 verbose parsed url   auth: null,
7 verbose parsed url   host: null,
7 verbose parsed url   port: null,
7 verbose parsed url   hostname: null,
7 verbose parsed url   hash: null,
7 verbose parsed url   search: null,
7 verbose parsed url   query: null,
7 verbose parsed url   pathname: 'node-sass',
7 verbose parsed url   path: 'node-sass',
7 verbose parsed url   href: 'node-sass' }
8 silly lockFile 9209a311-node-sass node-sass
9 verbose lock node-sass /home/psychat/.npm/9209a311-node-sass.lock
10 silly lockFile 9209a311-node-sass node-sass
11 silly lockFile 9209a311-node-sass node-sass
12 verbose addNamed [ 'node-sass', '' ]
13 verbose addNamed [ null, '*' ]
14 silly lockFile 8df65bd4-node-sass node-sass@
15 verbose lock node-sass@ /home/psychat/.npm/8df65bd4-node-sass.lock
16 silly addNameRange { name: 'node-sass', range: '*', hasData: false }
17 verbose request where is /node-sass
18 verbose request registry https://registry.npmjs.org/
19 verbose request id 4b512ecbcf209c06
20 verbose url raw /node-sass
21 verbose url resolving [ 'https://registry.npmjs.org/', './node-sass' ]
22 verbose url resolved https://registry.npmjs.org/node-sass
23 verbose request where is https://registry.npmjs.org/node-sass
24 info trying registry request attempt 1 at 11:42:31
25 http GET https://registry.npmjs.org/node-sass
26 http 200 https://registry.npmjs.org/node-sass
27 silly registry.get cb [ 200,
27 silly registry.get   { server: 'CouchDB/1.5.0 (Erlang OTP/R16B03)',
27 silly registry.get     etag: '"B6BUCLDVMPPC37BRTBVBZZL3Z"',
27 silly registry.get     'content-type': 'application/json',
27 silly registry.get     'cache-control': 'max-age=60',
27 silly registry.get     'content-length': '135335',
27 silly registry.get     'accept-ranges': 'bytes',
27 silly registry.get     date: 'Tue, 16 Jun 2015 01:41:32 GMT',
27 silly registry.get     via: '1.1 varnish',
27 silly registry.get     age: '26',
27 silly registry.get     connection: 'keep-alive',
27 silly registry.get     'x-served-by': 'cache-sjc3125-SJC',
27 silly registry.get     'x-cache': 'HIT',
27 silly registry.get     'x-cache-hits': '2',
27 silly registry.get     'x-timer': 'S1434418892.765160,VS0,VE0',
27 silly registry.get     vary: 'Accept' } ]
28 silly addNameRange number 2 { name: 'node-sass', range: '*', hasData: true }
29 silly addNameRange versions [ 'node-sass',
29 silly addNameRange   [ '0.2.0',
29 silly addNameRange     '0.2.1',
29 silly addNameRange     '0.2.2',
29 silly addNameRange     '0.2.3',
29 silly addNameRange     '0.2.4',
29 silly addNameRange     '0.2.5',
29 silly addNameRange     '0.2.6',
29 silly addNameRange     '0.3.0',
29 silly addNameRange     '0.4.0',
29 silly addNameRange     '0.4.1',
29 silly addNameRange     '0.4.2',
29 silly addNameRange     '0.4.3',
29 silly addNameRange     '0.4.4',
29 silly addNameRange     '0.5.0',
29 silly addNameRange     '0.5.1',
29 silly addNameRange     '0.5.2',
29 silly addNameRange     '0.5.3',
29 silly addNameRange     '0.5.4',
29 silly addNameRange     '0.6.0',
29 silly addNameRange     '0.6.1',
29 silly addNameRange     '0.6.2',
29 silly addNameRange     '0.6.3',
29 silly addNameRange     '0.6.4',
29 silly addNameRange     '0.6.5',
29 silly addNameRange     '0.6.6',
29 silly addNameRange     '0.6.7',
29 silly addNameRange     '0.7.0-alpha',
29 silly addNameRange     '0.7.0',
29 silly addNameRange     '0.8.0',
29 silly addNameRange     '0.8.1',
29 silly addNameRange     '0.8.2',
29 silly addNameRange     '0.8.3',
29 silly addNameRange     '0.8.4',
29 silly addNameRange     '0.8.5',
29 silly addNameRange     '0.8.6',
29 silly addNameRange     '0.9.0',
29 silly addNameRange     '0.9.1',
29 silly addNameRange     '0.9.2',
29 silly addNameRange     '0.9.3',
29 silly addNameRange     '0.9.4-rc1',
29 silly addNameRange     '0.9.4',
29 silly addNameRange     '0.9.5-rc1',
29 silly addNameRange     '0.9.5',
29 silly addNameRange     '0.9.6',
29 silly addNameRange     '1.0.0',
29 silly addNameRange     '1.0.1',
29 silly addNameRange     '1.0.2-alpha',
29 silly addNameRange     '1.0.2',
29 silly addNameRange     '1.0.3',
29 silly addNameRange     '1.1.0',
29 silly addNameRange     '1.1.1',
29 silly addNameRange     '1.1.2',
29 silly addNameRange     '1.1.3',
29 silly addNameRange     '1.1.4',
29 silly addNameRange     '1.2.0',
29 silly addNameRange     '1.2.1',
29 silly addNameRange     '1.2.2',
29 silly addNameRange     '1.2.3',
29 silly addNameRange     '2.0.0-beta',
29 silly addNameRange     '2.0.0',
29 silly addNameRange     '2.0.1',
29 silly addNameRange     '3.0.0-alpha.0',
29 silly addNameRange     '3.0.0-beta.2',
29 silly addNameRange     '3.0.0-beta.3',
29 silly addNameRange     '3.0.0-beta.4',
29 silly addNameRange     '2.1.0',
29 silly addNameRange     '2.1.1',
29 silly addNameRange     '3.0.0-beta.5',
29 silly addNameRange     '3.0.0-beta.7',
29 silly addNameRange     '3.0.0',
29 silly addNameRange     '3.1.0',
29 silly addNameRange     '3.1.1',
29 silly addNameRange     '3.1.2',
29 silly addNameRange     '3.2.0' ] ]
30 verbose addNamed [ 'node-sass', '3.2.0' ]
31 verbose addNamed [ '3.2.0', '3.2.0' ]
32 silly lockFile 48e7d8cf-node-sass-3-2-0 node-sass@3.2.0
33 verbose lock node-sass@3.2.0 /home/psychat/.npm/48e7d8cf-node-sass-3-2-0.lock
34 silly lockFile 42eb3b98-rg-node-sass-node-sass-3-2-0-tgz https://registry.npmjs.org/node-sass/-/node-sass-3.2.0.tgz
35 verbose lock https://registry.npmjs.org/node-sass/-/node-sass-3.2.0.tgz /home/psychat/.npm/42eb3b98-rg-node-sass-node-sass-3-2-0-tgz.lock
36 verbose addRemoteTarball [ 'https://registry.npmjs.org/node-sass/-/node-sass-3.2.0.tgz',
36 verbose addRemoteTarball   '5b041a6a063863587f7c59c81cf3b6a04aff3510' ]
37 info retry fetch attempt 1 at 11:42:34
38 verbose fetch to= /tmp/npm-5347-llZBwFAE/registry.npmjs.org/node-sass/-/node-sass-3.2.0.tgz
39 http GET https://registry.npmjs.org/node-sass/-/node-sass-3.2.0.tgz
40 http 200 https://registry.npmjs.org/node-sass/-/node-sass-3.2.0.tgz
41 silly lockFile 42eb3b98-rg-node-sass-node-sass-3-2-0-tgz https://registry.npmjs.org/node-sass/-/node-sass-3.2.0.tgz
42 silly lockFile 42eb3b98-rg-node-sass-node-sass-3-2-0-tgz https://registry.npmjs.org/node-sass/-/node-sass-3.2.0.tgz
43 silly lockFile 48e7d8cf-node-sass-3-2-0 node-sass@3.2.0
44 silly lockFile 48e7d8cf-node-sass-3-2-0 node-sass@3.2.0
45 silly lockFile 8df65bd4-node-sass node-sass@
46 silly lockFile 8df65bd4-node-sass node-sass@
47 silly resolved [ { name: 'node-sass',
47 silly resolved     version: '3.2.0',
47 silly resolved     libsass: '3.2.5',
47 silly resolved     description: 'Wrapper around libsass',
47 silly resolved     license: 'MIT',
47 silly resolved     homepage: 'https://github.com/sass/node-sass',
47 silly resolved     repository:
47 silly resolved      { type: 'git',
47 silly resolved        url: 'git+https://github.com/sass/node-sass.git' },
47 silly resolved     author:
47 silly resolved      { name: 'Andrew Nesbitt',
47 silly resolved        email: 'andrewnez@gmail.com',
47 silly resolved        url: 'http://andrew.github.com' },
47 silly resolved     engines: { node: '>=0.10.0' },
47 silly resolved     main: 'lib/index.js',
47 silly resolved     nodeSassConfig: { binarySite: 'https://github.com/sass/node-sass/releases/download' },
47 silly resolved     bin: { 'node-sass': 'bin/node-sass' },
47 silly resolved     gypfile: true,
47 silly resolved     scripts:
47 silly resolved      { coverage: 'node scripts/coverage.js',
47 silly resolved        install: 'node scripts/install.js',
47 silly resolved        postinstall: 'node scripts/build.js',
47 silly resolved        pretest: 'jshint bin lib scripts test',
47 silly resolved        test: 'mocha test' },
47 silly resolved     files: [ 'bin', 'binding.gyp', 'lib', 'scripts', 'src' ],
47 silly resolved     keywords: [ 'css', 'libsass', 'preprocessor', 'sass', 'scss', 'style' ],
47 silly resolved     dependencies:
47 silly resolved      { 'async-foreach': '^0.1.3',
47 silly resolved        chalk: '^1.0.0',
47 silly resolved        gaze: '^0.5.1',
47 silly resolved        'get-stdin': '^4.0.1',
47 silly resolved        glob: '^5.0.3',
47 silly resolved        meow: '^3.1.0',
47 silly resolved        mkdirp: '^0.5.0',
47 silly resolved        nan: '^1.8.4',
47 silly resolved        npmconf: '^2.1.1',
47 silly resolved        pangyp: '^2.2.0',
47 silly resolved        request: '^2.55.0',
47 silly resolved        'sass-graph': '^2.0.0' },
47 silly resolved     devDependencies:
47 silly resolved      { coveralls: '^2.11.2',
47 silly resolved        'cross-spawn': '^0.2.8',
47 silly resolved        jscoverage: '^0.5.9',
47 silly resolved        jshint: '^2.6.3',
47 silly resolved        mocha: '^2.2.1',
47 silly resolved        'mocha-lcov-reporter': '^0.0.2',
47 silly resolved        rimraf: '^2.3.2' },
47 silly resolved     gitHead: '6343cea64ed6d33e2f37ff388888f6a3a189c8a8',
47 silly resolved     bugs: { url: 'https://github.com/sass/node-sass/issues' },
47 silly resolved     _id: 'node-sass@3.2.0',
47 silly resolved     _shasum: '5b041a6a063863587f7c59c81cf3b6a04aff3510',
47 silly resolved     _from: 'node-sass@',
47 silly resolved     _npmVersion: '2.10.1',
47 silly resolved     _nodeVersion: '0.12.4',
47 silly resolved     _npmUser: { name: 'xzyfer', email: 'xzyfer@gmail.com' },
47 silly resolved     maintainers: [ [Object], [Object], [Object], [Object], [Object], [Object] ],
47 silly resolved     dist:
47 silly resolved      { shasum: '5b041a6a063863587f7c59c81cf3b6a04aff3510',
47 silly resolved        tarball: 'http://registry.npmjs.org/node-sass/-/node-sass-3.2.0.tgz' },
47 silly resolved     directories: {},
47 silly resolved     _resolved: 'https://registry.npmjs.org/node-sass/-/node-sass-3.2.0.tgz' } ]
48 info install node-sass@3.2.0 into /usr/lib
49 info installOne node-sass@3.2.0
50 verbose lib/node_modules/node-sass unbuild
51 verbose tar unpack /home/psychat/.npm/node-sass/3.2.0/package.tgz
52 silly lockFile 81ad48a8-r-usr-lib-node-modules-node-sass tar:///usr/lib/node_modules/node-sass
53 verbose lock tar:///usr/lib/node_modules/node-sass /home/psychat/.npm/81ad48a8-r-usr-lib-node-modules-node-sass.lock
54 silly lockFile 73f4bb23--npm-node-sass-3-2-0-package-tgz tar:///home/psychat/.npm/node-sass/3.2.0/package.tgz
55 verbose lock tar:///home/psychat/.npm/node-sass/3.2.0/package.tgz /home/psychat/.npm/73f4bb23--npm-node-sass-3-2-0-package-tgz.lock
56 silly gunzTarPerm modes [ '755', '644' ]
57 error Error: EACCES, mkdir '/usr/lib/node_modules/node-sass'
57 error  { [Error: EACCES, mkdir '/usr/lib/node_modules/node-sass']
57 error   errno: 3,
57 error   code: 'EACCES',
57 error   path: '/usr/lib/node_modules/node-sass',
57 error   fstream_type: 'Directory',
57 error   fstream_path: '/usr/lib/node_modules/node-sass',
57 error   fstream_class: 'DirWriter',
57 error   fstream_stack:
57 error    [ '/usr/lib/node_modules/npm/node_modules/fstream/lib/dir-writer.js:36:23',
57 error      '/usr/lib/node_modules/npm/node_modules/mkdirp/index.js:46:53',
57 error      'Object.oncomplete (fs.js:108:15)' ] }
58 error Please try running this command again as root/Administrator.
59 error System Linux 3.16.0-4-amd64
60 error command "/usr/bin/node" "/usr/bin/npm" "install" "-g" "node-sass"
61 error cwd /home/psychat/development/forms/fairyfloss
62 error node -v v0.10.38
63 error npm -v 1.4.28
64 error path /usr/lib/node_modules/node-sass
65 error fstream_path /usr/lib/node_modules/node-sass
66 error fstream_type Directory
67 error fstream_class DirWriter
68 error code EACCES
69 error errno 3
70 error stack Error: EACCES, mkdir '/usr/lib/node_modules/node-sass'
71 error fstream_stack /usr/lib/node_modules/npm/node_modules/fstream/lib/dir-writer.js:36:23
71 error fstream_stack /usr/lib/node_modules/npm/node_modules/mkdirp/index.js:46:53
71 error fstream_stack Object.oncomplete (fs.js:108:15)
72 verbose exit [ 3, true ]
